[23:55:35] [main/INFO]: Environment: authHost='https://authserver.mojang.com', accountsHost='https://api.mojang.com', sessionHost='https://sessionserver.mojang.com', servicesHost='https://api.minecraftservices.com', name='PROD'
[23:55:35] [main/WARN]: Ambiguity between arguments [teleport, destination] and [teleport, targets] with inputs: [Player, 0123, @e, dd12be42-52a9-4a91-a8a1-11c01849e498]
[23:55:35] [main/WARN]: Ambiguity between arguments [teleport, location] and [teleport, destination] with inputs: [0.1 -0.5 .9, 0 0 0]
[23:55:35] [main/WARN]: Ambiguity between arguments [teleport, location] and [teleport, targets] with inputs: [0.1 -0.5 .9, 0 0 0]
[23:55:35] [main/WARN]: Ambiguity between arguments [teleport, targets] and [teleport, destination] with inputs: [Player, 0123, dd12be42-52a9-4a91-a8a1-11c01849e498]
[23:55:35] [main/WARN]: Ambiguity between arguments [teleport, targets, location] and [teleport, targets, destination] with inputs: [0.1 -0.5 .9, 0 0 0]
[23:55:35] [main/INFO]: Reloading ResourceManager: Default
[23:55:36] [Worker-Main-4/INFO]: Loaded 7 recipes
[23:55:36] [Worker-Main-4/INFO]: Loaded 927 advancements
[23:55:38] [Server thread/INFO]: Starting minecraft server version 1.16.5
[23:55:38] [Server thread/INFO]: Loading properties
[23:55:38] [Server thread/INFO]: Default game type: SURVIVAL
[23:55:38] [Server thread/INFO]: Generating keypair
[23:55:39] [Server thread/INFO]: Starting Minecraft server on *:25565
[23:55:39] [Server thread/INFO]: Using epoll channel type
[23:55:39] [Server thread/WARN]: **** SERVER IS RUNNING IN OFFLINE/INSECURE MODE!
[23:55:39] [Server thread/WARN]: The server will make no attempt to authenticate usernames. Beware.
[23:55:39] [Server thread/WARN]: While this makes the game possible to play without internet access, it also opens up the ability for hackers to connect with any username they choose.
[23:55:39] [Server thread/WARN]: To change this, set "online-mode" to "true" in the server.properties file.
[23:55:39] [Server thread/INFO]: Preparing level "world"
[23:55:39] [Server thread/INFO]: Preparing start region for dimension minecraft:overworld
[23:55:40] [Server thread/INFO]: Preparing spawn area: 0%
[23:55:40] [Server thread/INFO]: Preparing spawn area: 0%
[23:55:40] [Server thread/INFO]: Preparing spawn area: 0%
[23:55:41] [Server thread/INFO]: Preparing spawn area: 47%
[23:55:44] [Worker-Main-6/INFO]: Preparing spawn area: 83%
[23:55:44] [Worker-Main-4/INFO]: Preparing spawn area: 83%
[23:55:44] [Worker-Main-4/INFO]: Preparing spawn area: 83%
[23:55:44] [Worker-Main-4/INFO]: Preparing spawn area: 83%
[23:55:44] [Worker-Main-4/INFO]: Preparing spawn area: 83%
[23:55:44] [Worker-Main-4/INFO]: Preparing spawn area: 83%
[23:55:44] [Worker-Main-4/INFO]: Preparing spawn area: 99%
